2017-08-29 04:28:59.166000 - Sheepy: 
2017-08-29 04:28:56.599000 - Sheepy: 
2017-08-29 04:28:56.494000 - Kyle: >stall 4
2017-08-29 04:28:51.530000 - Sheepy: 
2017-08-29 04:28:51.444000 - Kyle: >balance
2017-08-29 04:26:39.772000 - reynn: aw
2017-08-29 04:26:35.692000 - Sheepy: 
2017-08-29 04:26:35.594000 - reynn: >balance
2017-08-29 04:26:21.604000 - Sheepy: 
2017-08-29 04:26:21.459000 - reynn: >balance
2017-08-29 00:46:28.384000 - Sheepy: 
2017-08-29 00:46:28.170000 - Kyle: >balance
2017-08-29 00:46:24.917000 - Sheepy: You don't have enough lemons to make that much lemonade... <:sheepySad:330026061129711617>
2017-08-29 00:46:24.737000 - Kyle: >stall 5242
2017-08-29 00:46:15.514000 - Sheepy: 
2017-08-29 00:46:15.409000 - Kyle: >balance
2017-08-29 00:46:11.199000 - Kyle: what
2017-08-29 00:46:07.084000 - Sheepy: 
2017-08-29 00:46:06.905000 - Kyle: >balance
2017-08-29 00:46:06.439000 - Triangle (Andrew) Vance: Mine
2017-08-29 00:45:58.389000 - Sheepy: 
2017-08-29 00:45:58.337000 - Kyle: >give 133 <@279154943783337984>
2017-08-29 00:45:42.712000 - Sheepy: Please ensure the balance stated is an integer!
2017-08-29 00:45:42.670000 - Kyle: >give <@279154943783337984> 133
2017-08-29 00:44:41.755000 - Triangle (Andrew) Vance: Sorry I'm fucked up rn
2017-08-29 00:44:38.083000 - Sheepy: 
2017-08-29 00:44:37.249000 - Triangle (Andrew) Vance: >balance
2017-08-29 00:44:34.310000 - Triangle (Andrew) Vance: Fuck
2017-08-29 00:44:29.725000 - Triangle (Andrew) Vance: >balence
2017-08-29 00:40:12.989000 - AbsentHiya: nice
2017-08-29 00:40:10.066000 - Kyle: Niece
2017-08-29 00:40:04.399000 - Sheepy: 
2017-08-29 00:40:04.260000 - Kyle: >balance
2017-08-29 00:39:59.841000 - Sheepy: You don't have enough lemons to bet that!
2017-08-29 00:39:59.749000 - Kyle: >roll 200
2017-08-29 00:38:27.395000 - Jake S.: Gambling does that man
2017-08-29 00:37:47.450000 - AbsentHiya: are u proud papa
2017-08-29 00:37:44.758000 - AbsentHiya: <@205508288584876033> i went from 30k to 110k to 0
2017-08-29 00:37:32.780000 - Sheepy: 
2017-08-29 00:37:32.580000 - AbsentHiya: >balance
2017-08-29 00:37:12.181000 - Sheepy: 
2017-08-29 00:37:12.012000 - AbsentHiya: >balance
2017-08-29 00:36:47.255000 - Sheepy: 
2017-08-29 00:36:47.206000 - AbsentHiya: >balance
2017-08-29 00:36:25.531000 - Sheepy: 
2017-08-29 00:36:25.484000 - AbsentHiya: >balance
2017-08-29 00:36:14.479000 - Sheepy: 
2017-08-29 00:36:14.294000 - AbsentHiya: >balance
2017-08-29 00:35:57.553000 - Sheepy: 
2017-08-29 00:35:57.409000 - Jake S.: >$
2017-08-29 00:35:42 - Sheepy: 
2017-08-29 00:35:41.900000 - AbsentHiya: >balance
2017-08-29 00:35:28.064000 - Sheepy: 
2017-08-29 00:35:26.633000 - AbsentHiya: >balance
2017-08-29 00:35:18.475000 - Sheepy: 
2017-08-29 00:35:18.310000 - AbsentHiya: >balance
2017-08-29 00:35:07.750000 - Sheepy: 
2017-08-29 00:35:07.703000 - AbsentHiya: >balance
2017-08-29 00:33:26.619000 - AbsentHiya: nice
2017-08-29 00:33:22.856000 - Sheepy: 
2017-08-29 00:33:22.718000 - AbsentHiya: >balance
2017-08-29 00:33:20.492000 - AbsentHiya: pfft
2017-08-29 00:33:06.011000 - Sheepy: 
2017-08-29 00:33:05.867000 - AbsentHiya: >balance
2017-08-29 00:32:58.886000 - AbsentHiya: fuck
2017-08-29 00:32:45.946000 - Sheepy: 
2017-08-29 00:32:45.913000 - AbsentHiya: >balance
2017-08-29 00:32:28.671000 - Sheepy: 
2017-08-29 00:32:28.560000 - AbsentHiya: >balance
2017-08-29 00:32:19.747000 - Sheepy: 
2017-08-29 00:32:19.634000 - AbsentHiya: >balance
2017-08-29 00:32:13.404000 - AbsentHiya: fuckass
2017-08-29 00:32:03.256000 - Sheepy: 
2017-08-29 00:32:03.054000 - AbsentHiya: >balance
2017-08-29 00:31:44.544000 - Sheepy: 
2017-08-29 00:31:44.496000 - AbsentHiya: >balance
2017-08-29 00:31:28.987000 - Sheepy: 
2017-08-29 00:31:28.882000 - AbsentHiya: >balance
2017-08-29 00:31:18.448000 - Sheepy: 
2017-08-29 00:31:03.929000 - AbsentHiya: ok
2017-08-29 00:31:03.515000 - Jake S.: xd
2017-08-29 00:31:02.954000 - Jake S.: theres a bug it takes your lemons
2017-08-29 00:30:59.879000 - Sheepy: 
2017-08-29 00:30:59.708000 - AbsentHiya: >balance
2017-08-29 00:30:58.467000 - Jake S.: dont do stall over 100
2017-08-29 00:30:20.085000 - Sheepy: 
2017-08-29 00:30:19.824000 - AbsentHiya: >stall 100
2017-08-29 00:30:13.298000 - Sheepy: Whoa there! If you hold that much lemonade your table will topple... <:sheepySad:330026061129711617>
2017-08-29 00:30:13.130000 - AbsentHiya: >stall 500
2017-08-29 00:30:10.077000 - AbsentHiya: fuck
2017-08-29 00:30:05.466000 - Sheepy: Whoa there! If you hold that much lemonade your table will topple... <:sheepySad:330026061129711617>
2017-08-29 00:30:05.276000 - AbsentHiya: >stall 1000
2017-08-29 00:29:56.925000 - Sheepy: 
2017-08-29 00:29:56.847000 - Jake S.: >give 30000 <@!211862557726605313>
2017-08-29 00:29:44.326000 - AbsentHiya: <@205508288584876033> <@205508288584876033> <@205508288584876033>
2017-08-29 00:29:32.073000 - AbsentHiya: CAN I HAVE 30K
2017-08-29 00:23:33.524000 - Sheepy: 
2017-08-29 00:23:33.468000 - Jake S.: >$
2017-08-28 23:39:47.118000 - Sheepy: 
2017-08-28 23:39:25.230000 - Sheepy: 
2017-08-28 23:39:25.201000 - Kyle: >stall 40
2017-08-28 23:04:37.647000 - Triangle (Andrew) Vance: Oh yes sorry my bad
2017-08-28 23:04:29.371000 - Jake S.: so its better
2017-08-28 23:04:27.980000 - Jake S.: yes but its lemons
2017-08-28 23:04:24.297000 - Sheepy: 
2017-08-28 23:04:13.690000 - Triangle (Andrew) Vance: Isn't this just flower pick
2017-08-28 23:04:13.202000 - Jake S.: nadeko is coded in a different language!!!
2017-08-28 23:04:07.832000 - Jake S.: hey no go away
2017-08-28 23:04:01.470000 - Triangle (Andrew) Vance: More like bot clone
2017-08-28 23:03:55.529000 - Sheepy: 
2017-08-28 23:03:55.410000 - Kyle: >stall 50
2017-08-28 23:03:48.694000 - Kyle: >stand 50
2017-08-28 23:03:11.900000 - Jake S.: lmao
2017-08-28 23:03:11.249000 - Jake S.: cause i coded it all in a day
2017-08-28 23:03:07.816000 - Jake S.: im quite proud of this system
2017-08-28 23:02:58.156000 - Kyle: Yes
2017-08-28 23:02:54.976000 - Jake S.: nice
2017-08-28 23:02:54.229000 - Jake S.: hey
2017-08-28 23:02:44.511000 - AbsentHiya: I quit bye
2017-08-28 23:02:38.656000 - Sheepy: 
2017-08-28 23:02:38.131000 - AbsentHiya: >balance
2017-08-28 23:02:34.700000 - AbsentHiya: fuck my ads
2017-08-28 23:02:22.301000 - Triangle (Andrew) Vance: Fuck
2017-08-28 23:02:20.379000 - Sheepy: 
2017-08-28 23:02:20.215000 - AbsentHiya: >balance
2017-08-28 23:02:15.258000 - Sheepy: 
2017-08-28 23:02:14.117000 - Sheepy: 
2017-08-28 23:02:13.972000 - Jake S.: >$
2017-08-28 23:02:08.062000 - Sheepy: 
2017-08-28 23:02:07.972000 - Triangle (Andrew) Vance: >balance
2017-08-28 23:02:06.367000 - Sheepy: 
2017-08-28 23:02:06.340000 - Jake S.: >$
2017-08-28 23:02:02.201000 - Sheepy: 
2017-08-28 23:02:01.863000 - AbsentHiya: >balance
2017-08-28 23:01:57.721000 - Jake S.: yay!
2017-08-28 23:01:54.923000 - Sheepy: 
2017-08-28 23:01:46.167000 - AbsentHiya: ok I'm way better at rtd
2017-08-28 23:01:40.100000 - Sheepy: 🍋 <@211862557726605313> has received a lemon drop of **2** lemons! 🍋
2017-08-28 23:01:39.915000 - AbsentHiya: oh there's a roll here
2017-08-28 23:01:39.101000 - Sheepy: You don't have enough lemons to bet that!
2017-08-28 23:01:39.056000 - Triangle (Andrew) Vance: >roll 20
2017-08-28 23:01:38.045000 - Jake S.: when will my stall finish
2017-08-28 23:01:31.094000 - Sheepy: 
2017-08-28 23:01:24.083000 - Sheepy: 
2017-08-28 23:01:23.979000 - AbsentHiya: >stall 6
2017-08-28 23:01:22.457000 - Kyle: Heh heh
2017-08-28 23:01:11.143000 - Jake S.: but people kept spamming to get it -.-
2017-08-28 23:01:06.977000 - Jake S.: it used to be up to 10 lemons
2017-08-28 23:00:58.398000 - Jake S.: yas
2017-08-28 23:00:54.471000 - Kyle: lemon drop?
2017-08-28 23:00:50.603000 - Kyle: ooo
2017-08-28 23:00:46.135000 - Jake S.: xd
2017-08-28 23:00:45.682000 - Jake S.: to finish
2017-08-28 23:00:45.656000 - Sheepy: 🍋 <@192739415360012289> has received a lemon drop of **1** lemon! 🍋
2017-08-28 23:00:45.551000 - Kyle: fak
2017-08-28 23:00:44.717000 - Jake S.: itll take ages
2017-08-28 23:00:40.858000 - Kyle: 2 lemonade
2017-08-28 23:00:37.452000 - Kyle: Well
2017-08-28 23:00:30.806000 - Sheepy: 
2017-08-28 23:00:30.619000 - Kyle: >stall 100
2017-08-28 23:00:23.845000 - Sheepy: 
2017-08-28 23:00:23.739000 - Jake S.: >award 250 <@192739415360012289>
2017-08-28 23:00:13.917000 - Jake S.: ya
2017-08-28 23:00:13.570000 - Jake S.: 100 is the max
2017-08-28 23:00:11.940000 - Sheepy: 
2017-08-28 23:00:11.821000 - Jake S.: >stall 100
2017-08-28 23:00:09.576000 - Sheepy: Whoa there! If you hold that much lemonade your table will topple... <:sheepySad:330026061129711617>
2017-08-28 23:00:09.454000 - Jake S.: >stall 200
2017-08-28 23:00:01.280000 - Kyle: <@205508288584876033> I have mesothelioma and require financial compensation
2017-08-28 22:59:43.355000 - Kyle: Dern
2017-08-28 22:59:40.404000 - Sheepy: 
2017-08-28 22:59:40.298000 - Kyle: >balance
2017-08-28 22:59:33.275000 - Sheepy: You don't have enough lemons to make that much lemonade... <:sheepySad:330026061129711617>
2017-08-28 22:59:33.225000 - Kyle: >stall 250
2017-08-28 22:59:27.971000 - Sheepy: Whoa there! If you hold that much lemonade your table will topple... <:sheepySad:330026061129711617>
2017-08-28 22:59:27.856000 - Kyle: >stall 500
2017-08-28 22:59:24.047000 - AbsentHiya: ok nice
2017-08-28 22:59:23.443000 - Jake S.: ill fix thwat tomorrow
2017-08-28 22:59:21.371000 - Sheepy: 
2017-08-28 22:59:21.221000 - Jake S.: >award 500 <@192739415360012289>
2017-08-28 22:59:19.734000 - Sheepy: 
2017-08-28 22:59:19.655000 - AbsentHiya: >balance
2017-08-28 22:59:19.108000 - Kyle: oh NON
2017-08-28 22:59:14.699000 - Sheepy: 
2017-08-28 22:59:13.165000 - Sheepy: 
2017-08-28 22:59:13.049000 - AbsentHiya: >stall 6
2017-08-28 22:59:10.512000 - Jake S.: oh NO
2017-08-28 22:59:09.510000 - Sheepy: 
2017-08-28 22:59:09.410000 - Jake S.: >$ <@192739415360012289>
2017-08-28 22:59:07.138000 - Jake S.: did it take ur lemons
2017-08-28 22:59:04.821000 - Jake S.: wait
2017-08-28 22:59:04 - Sheepy: 
2017-08-28 22:59:03.894000 - Jake S.: >$
2017-08-28 22:59:03.585000 - Sheepy: You don't have enough lemons to make that much lemonade... <:sheepySad:330026061129711617>
2017-08-28 22:59:03.454000 - Kyle: >stall 250
2017-08-28 22:58:55.254000 - Sheepy: You don't have enough lemons to make that much lemonade... <:sheepySad:330026061129711617>
2017-08-28 22:58:55.222000 - Kyle: >stall 500
2017-08-28 22:58:52.617000 - Jake S.: xd
2017-08-28 22:58:47.256000 - Sheepy: Whoa there! If you hold that much lemonade your table will topple... <:sheepySad:330026061129711617>
2017-08-28 22:58:47.075000 - Kyle: >stall 542
2017-08-28 22:58:41.556000 - Kyle: <@205508288584876033>
2017-08-28 22:58:36.134000 - Sheepy: 
2017-08-28 22:58:36.026000 - Kyle: >balance
2017-08-28 22:58:11.925000 - Kyle: Thank
2017-08-28 22:58:07.422000 - Sheepy: 
2017-08-28 22:58:06.674000 - Jake S.: >give 500 <@192739415360012289>
2017-08-28 22:58:06.216000 - Sheepy: 
2017-08-28 22:58:01.037000 - Kyle: Dern
2017-08-28 22:57:59.965000 - Sheepy: You don't have enough lemons to bet that!
2017-08-28 22:57:59.871000 - Jake S.: >roll 9959
2017-08-28 22:57:57.021000 - Sheepy: I... I only let my owner touch that... <:sheepySad:330026061129711617>
2017-08-28 22:57:56.851000 - Kyle: >take <@205508288584876033> 500
2017-08-28 22:57:48.334000 - Kyle: HOO
2017-08-28 22:57:47.690000 - Jake S.: hey nice
2017-08-28 22:57:44.615000 - Jake S.: oh
2017-08-28 22:57:42.797000 - Sheepy: 
2017-08-28 22:57:42.683000 - Jake S.: >$
2017-08-28 22:57:40.978000 - Sheepy: 
2017-08-28 22:57:40.874000 - Kyle: >stall 44
2017-08-28 22:56:15.552000 - Sheepy: 
2017-08-28 22:56:12.538000 - Sheepy: 
2017-08-28 22:56:11.998000 - AbsentHiya: >stall 8
2017-08-28 22:56:01.790000 - Sheepy: 
2017-08-28 22:55:58.246000 - Sheepy: 
2017-08-28 22:55:58.143000 - AbsentHiya: >stall 10
2017-08-28 22:55:53.955000 - Sheepy: 
2017-08-28 22:55:46.646000 - Sheepy: 
2017-08-28 22:55:46.453000 - AbsentHiya: >stall 12
2017-08-28 22:55:41.158000 - Sheepy: 
2017-08-28 22:55:38.965000 - Sheepy: 
2017-08-28 22:55:38.749000 - AbsentHiya: >stall 6
2017-08-28 22:55:32.820000 - Sheepy: 
2017-08-28 22:55:31.607000 - Sheepy: 
2017-08-28 22:55:31.505000 - AbsentHiya: >stall 6
2017-08-28 22:55:26.237000 - Sheepy: 
2017-08-28 22:55:24.430000 - Sheepy: 
2017-08-28 22:55:24.321000 - AbsentHiya: >stall 6
2017-08-28 22:55:19.463000 - Sheepy: 
2017-08-28 22:55:17.178000 - Sheepy: 
2017-08-28 22:55:17.093000 - AbsentHiya: >stall 6
2017-08-28 22:55:10.961000 - Sheepy: 
2017-08-28 22:55:09.979000 - Kyle: I will pay in lemons
2017-08-28 22:55:08.564000 - Sheepy: 
2017-08-28 22:55:08.432000 - AbsentHiya: >stall 8
2017-08-28 22:55:04.033000 - Sheepy: :ring: <@211862557726605313>, <@192739415360012289> has requested your hand in marriage. :ring:
To accept or deny, type it out in the chat.
2017-08-28 22:55:03.840000 - Kyle: >marry <@211862557726605313>
2017-08-28 22:55:02.377000 - Sheepy: 
2017-08-28 22:55:00.714000 - Sheepy: 
2017-08-28 22:55:00.516000 - AbsentHiya: >stall 6
2017-08-28 22:54:51.464000 - Sheepy: Sorry, <@192739415360012289>, <@211862557726605313> denied your marriage request. <:sheepySad:330026061129711617>
2017-08-28 22:54:51.288000 - AbsentHiya: deny
2017-08-28 22:54:45.095000 - Sheepy: 
2017-08-28 22:54:43.867000 - Kyle: No
2017-08-28 22:54:42.537000 - Sheepy: 
2017-08-28 22:54:42.414000 - AbsentHiya: >stall 6
2017-08-28 22:54:42.297000 - Kyle: What
2017-08-28 22:54:37.491000 - Sheepy: :ring: <@211862557726605313>, <@192739415360012289> has requested your hand in marriage. :ring:
To accept or deny, type it out in the chat.
2017-08-28 22:54:37.373000 - Kyle: >marry <@211862557726605313> <@107665382277410816>
2017-08-28 22:54:36.448000 - Sheepy: 
2017-08-28 22:54:34.213000 - Sheepy: 
2017-08-28 22:54:34.106000 - AbsentHiya: >stall 6
2017-08-28 22:54:27.432000 - Sheepy: 
2017-08-28 22:54:25.131000 - Sheepy: 
2017-08-28 22:54:24.750000 - AbsentHiya: >stall 8
2017-08-28 22:54:15.471000 - Sheepy: 
2017-08-28 22:54:13.961000 - Sheepy: 
2017-08-28 22:54:13.889000 - AbsentHiya: >stall 6
2017-08-28 22:54:09.960000 - AbsentHiya: fuck you
2017-08-28 22:53:59.912000 - Sheepy: 
2017-08-28 22:53:58.389000 - Sheepy: Help has been sent to your DMs!
2017-08-28 22:53:58.249000 - Kyle: >help
2017-08-28 22:53:58.063000 - Sheepy: 
2017-08-28 22:53:57.914000 - AbsentHiya: >stall 6
2017-08-28 22:53:51.799000 - Sheepy: The amount of lemons must be an even number!
2017-08-28 22:53:51.739000 - AbsentHiya: >stall 5
2017-08-28 22:53:51.358000 - Kyle: Now what can I spend lemons on...
2017-08-28 22:53:31.321000 - Kyle: >throw 20
2017-08-28 22:53:27.692000 - Kyle: here
2017-08-28 22:53:24.215000 - Kyle: HAHAH
2017-08-28 22:53:21.802000 - Kyle: >shop
2017-08-28 22:53:20.744000 - Sheepy: 
2017-08-28 22:53:20.379000 - AbsentHiya: ONE
2017-08-28 22:53:17.288000 - AbsentHiya: fuckin
2017-08-28 22:53:10.416000 - Sheepy: 
2017-08-28 22:53:10.303000 - Kyle: >store
2017-08-28 22:53:10.300000 - AbsentHiya: >stall 20
2017-08-28 22:53:03.980000 - Kyle: hehe
2017-08-28 22:53:00.251000 - AbsentHiya: fuck
2017-08-28 22:52:58.042000 - Sheepy: 
2017-08-28 22:52:56.400000 - Sheepy: 
2017-08-28 22:52:52.243000 - Sheepy: 
2017-08-28 22:52:51.882000 - AbsentHiya: >stall 10
2017-08-28 22:52:44.205000 - Sheepy: 
2017-08-28 22:52:44.039000 - AbsentHiya: >balance
2017-08-28 22:52:30.009000 - Sheepy: 
2017-08-28 22:52:29.678000 - Kyle: >stall 40
2017-08-28 22:52:24.236000 - Sheepy: 
2017-08-28 22:52:23.108000 - Sheepy: 
2017-08-28 22:52:22.972000 - Kyle: >stall 4
2017-08-28 22:52:19.792000 - Sheepy: 
2017-08-28 22:52:19.271000 - Sheepy: 
2017-08-28 22:52:19.144000 - Kyle: >stall 4
2017-08-28 22:52:10.112000 - Sheepy: 
2017-08-28 22:51:59.078000 - Sheepy: 
2017-08-28 22:51:58.955000 - Kyle: >stall 20
2017-08-28 22:51:01.684000 - AbsentHiya: ech
2017-08-28 22:50:57.469000 - Sheepy: 
2017-08-28 22:50:54.039000 - Sheepy: 
2017-08-28 22:50:53.912000 - AbsentHiya: >stall 10
2017-08-28 22:50:45.771000 - Sheepy: 
2017-08-28 22:50:42.492000 - Sheepy: 
2017-08-28 22:50:42.383000 - AbsentHiya: >stall 10
2017-08-28 22:50:10.674000 - Kyle: Do >stall 10
2017-08-28 22:50:03.722000 - Kyle: Now
2017-08-28 22:50:03.697000 - Sheepy: Help has been sent to your DMs!
2017-08-28 22:50:03.419000 - AbsentHiya: >help
2017-08-28 22:50:02.282000 - Kyle: There
2017-08-28 22:49:55.751000 - Kyle: no
2017-08-28 22:49:50.973000 - AbsentHiya: I'm not using throw
2017-08-28 22:49:35.130000 - Kyle: <@211862557726605313>
2017-08-28 22:49:31.532000 - Kyle: use the command
2017-08-28 22:49:28.495000 - Kyle: alej
2017-08-28 22:48:56.244000 - Kyle: >throw 20
