2017-09-02 17:39:19.989000 - Triangle (Andrew) Vance: Instead of Goofy's gag shop
2017-09-02 17:39:03.428000 - Triangle (Andrew) Vance: Or just goofy gag shop
2017-09-02 16:03:43.063000 - brady: its too long of a name too
2017-09-02 15:19:55.033000 - reynn: No
2017-09-02 15:05:30.486000 - Kyle: Have you seen gilligan's isle
2017-09-02 15:00:25.388000 - reynn: an inventor name
2017-09-02 15:00:14.334000 - reynn: Sounds more like
2017-09-02 15:00:08.191000 - reynn: Gilligan doesn't sound goofy at all tho
2017-09-02 14:37:45.488000 - Kyle: Brady would you consider the name Gilligan
2017-09-02 07:31:57.072000 - brady: Gary's Gag Shop
2017-09-02 07:31:51.130000 - brady: http://prntscr.com/gg3sdu
2017-09-01 03:56:34.112000 - brady: sure
2017-08-27 05:41:08.094000 - Spencer: Jackie Lope
2017-08-27 05:41:04.058000 - Spencer: Could have a name like uhhh
2017-08-27 05:40:48.053000 - Spencer: Just model some horns and reparent to a rabbit toons head yes
2017-08-27 05:40:12.265000 - Spencer: A jackelope
2017-08-27 05:40:03.011000 - Spencer: I had this random idea for a special forests end character
2017-08-20 19:21:48.848000 - Spencer: ¯\_(ツ)_/¯
2017-08-20 19:20:40.970000 - brady: we can change it
2017-08-20 19:20:05.260000 - brady: especially black and white ones
2017-08-20 19:19:57.782000 - brady: theres many cartoons in the city
2017-08-20 19:19:51.401000 - brady: not really
2017-08-20 19:19:46.358000 - Spencer: idk it just seems weird to mix the two
2017-08-20 19:19:33.675000 - brady: why not? <@200018553653428225>
2017-08-20 19:19:03.251000 - Spencer: Why is toontropolis a city theme mixed with black & white cartoons?
2017-08-20 18:36:39.699000 - Frank: Since nick is still in the old discords
2017-08-20 18:36:31.787000 - Frank: <@191661929905913856> I'll see if I can get some old standard confection canyon concepts
2017-08-20 18:25:22.563000 - brady: and Toontropolis is a playground based on the black and white cartoons in the city
2017-08-20 18:24:58.656000 - brady: CC is the dessert playground
2017-08-20 18:24:46.604000 - brady: any new suggestions to replace those names?
2017-08-20 18:24:35.818000 - brady: Toontropolis
2017-08-20 18:24:27.787000 - brady: Confection Canyon
2017-08-20 18:24:21.287000 - brady: names for future playgrounds:
2017-08-08 06:40:35.405000 - brady: lmao
2017-08-08 06:40:20.392000 - AbsentHiya: ok good
2017-08-08 06:40:16.442000 - brady: like 5 secs
2017-08-08 06:40:12.978000 - brady: its just a quick sketch
2017-08-08 06:40:05.155000 - AbsentHiya: demon
2017-08-08 06:40:02.559000 - AbsentHiya: but
2017-08-08 06:40:01.841000 - AbsentHiya: i dont mean to insult ur art
2017-08-08 06:39:53.319000 - brady: lmao
2017-08-08 06:39:50.169000 - AbsentHiya: that cow is fucking terrifying
2017-08-08 06:39:43.380000 - brady: this was a while ago
2017-08-08 06:39:36.610000 - brady: 
2017-08-07 07:44:08.446000 - AbsentHiya: the rest are good
2017-08-07 07:42:28.845000 - brady: but what do you think
2017-08-07 07:42:24.380000 - brady: yeah
2017-08-07 07:34:45.886000 - AbsentHiya: first one for MML, second one for DDL and first one for DD
2017-08-07 07:33:21.151000 - brady: ?
2017-08-07 07:33:19.340000 - brady: thoughts
2017-08-07 07:33:17.025000 - brady: ?
2017-08-07 07:29:43.778000 - brady: Davey's Dock(1) / Ditsy Dock
2017-08-07 07:29:36.007000 - brady: Dodie's Dreamland / Drowsy Dreamland(1)
2017-08-07 07:29:30.711000 - brady: Melody's Melodyland(1) / mellow melodyland
2017-08-07 07:29:25.175000 - brady: Spike's Speedway
2017-08-07 07:29:21.043000 - brady: Gerry's Gagshop
2017-08-03 21:52:00.148000 - Jake S.: all. of. them.
2017-08-03 21:47:25.270000 - AbsentHiya: all of them
2017-08-03 21:44:00.484000 - Kyle: Nice
2017-08-03 21:43:34.867000 - Triangle (Andrew) Vance: all of the staff members go to the off meeting and you have to save them off of a boat
