2017-08-27 17:43:21.533000 - Jake S.: oh boy
2017-08-27 17:14:38.737000 - reynn: found it
2017-08-27 17:14:36.320000 - reynn: <@192739415360012289>
2017-08-27 17:13:06.796000 - reynn: 
2017-08-27 17:12:59.488000 - reynn: 
2017-08-27 17:12:32.721000 - reynn: 
2017-08-27 17:12:02.800000 - reynn: 
2017-08-27 17:11:33.395000 - reynn: https://htfneoheidi.deviantart.com/art/The-Sweet-Bun-2-698660576
2017-08-27 17:11:25.466000 - qloo: NOT SEXUALBOTS
2017-08-27 17:11:12.716000 - reynn: why would htfneoheidi do this
2017-08-27 17:10:26.092000 - reynn: 
2017-08-11 20:15:02.164000 - Alex/LsR: <:lsrgasm:302206973531914240>
2017-08-11 19:47:25.035000 - Jake S.: wew
2017-08-11 19:47:19.639000 - brady: he facetimed me when i was going to brush my teeth ;((
2017-08-11 19:46:44.884000 - brady: 
2017-08-04 02:34:26.526000 - Kyle: FUCKIN'
U
R
R
I
E
S
2017-08-04 02:11:47.718000 - AbsentHiya: https://pbs.twimg.com/media/DFnAdMTU0AA4wiD.jpg
2017-08-03 16:49:25.415000 - Kyle: 
2017-08-03 10:18:04.624000 - qloo: 
2017-08-03 06:01:10.743000 - AbsentHiya: <@279154943783337984> what is this
2017-08-03 03:37:23.934000 - Jake S.: put it in anoma lied
2017-08-03 03:37:21.288000 - Jake S.: yes
2017-08-03 03:37:20.060000 - Triangle (Andrew) Vance: <@205508288584876033>
2017-08-03 03:37:18.510000 - Triangle (Andrew) Vance: Right
2017-08-03 03:37:12.919000 - Triangle (Andrew) Vance: That's a nice plot twist
2017-08-03 03:37:10.071000 - Jake S.: god
2017-08-03 03:37:09.550000 - Jake S.: my
2017-08-03 03:37:09.047000 - Jake S.: oh
2017-08-03 03:37:05.281000 - Triangle (Andrew) Vance: <@205508288584876033> no I AM a loli
2017-08-03 03:36:53.391000 - Jake S.: <@279154943783337984>
2017-08-03 03:36:27.492000 - Jake S.: are you a loli fan triangles
2017-08-03 03:35:57.911000 - Triangle (Andrew) Vance: <@205508288584876033>
2017-08-03 03:35:54.773000 - Triangle (Andrew) Vance: 
2017-08-03 03:35:48.954000 - Jake S.: oh NO
2017-08-03 03:35:21.452000 - Triangle (Andrew) Vance: I can't find it
2017-08-03 03:34:52.069000 - Jake S.: oh no
2017-08-03 03:34:46.839000 - Triangle (Andrew) Vance: <@205508288584876033> let me find
2017-08-03 03:34:39.381000 - Jake S.: e
2017-08-03 03:34:38.719000 - Jake S.: <@279154943783337984> post porn of triangle shap
2017-08-03 03:34:26.349000 - Triangle (Andrew) Vance: <@205508288584876033> ok sorry
2017-08-03 03:27:38.297000 - Jake S.: no nsfw
2017-08-03 03:27:30.794000 - Triangle (Andrew) Vance: what is permitted
2017-08-03 03:27:26.795000 - Triangle (Andrew) Vance: for fetishes
2017-08-03 03:27:23.292000 - Triangle (Andrew) Vance: what is my limit <@205508288584876033>
2017-08-03 03:27:19.200000 - Triangle (Andrew) Vance: <@205508288584876033> ty
2017-08-03 03:25:30.408000 - Jake S.: <@279154943783337984>
