2017-08-26 17:47:20.836000 - reynn: new clothing models! tops, high waists, pants - modeled by <@200018553653428225>, textured by <@!139483077079597056>
2017-08-22 05:02:00.276000 - AbsentHiya: the login ones
2017-08-22 05:01:52.118000 - AbsentHiya: just of the game in general
2017-08-22 05:01:45.685000 - AbsentHiya: I'm gonna shoot disyer some backgrounds to replace the coloured ones
2017-08-22 04:45:59.204000 - brady: of course this is not final and we will come across splits in the river and bumps in the road
2017-08-22 04:45:38.965000 - brady: so thats our goal for this year
2017-08-22 04:45:22.080000 - brady: when we get some more artists on the team- we will be able to make effective progress
2017-08-22 04:43:54.684000 - brady: we should _not_ put all our focus on shitty events like toonfest or christmas or whatever holiday
2017-08-22 04:42:43.564000 - brady: i know <@200018553653428225> maybe started to work on a cashbot one but idk how far he got
2017-08-22 04:42:20.722000 - brady: somewhere in between these things we should work on a cashbot and bossbot field office
2017-08-22 04:36:02.978000 - brady: next update after that we will be working on a Politibot event
2017-08-22 04:34:04.453000 - brady: but we can do it
2017-08-22 04:33:55.282000 - brady: this is alot
2017-08-22 04:33:39.271000 - brady: also in the update we should include a TTC remodel, texture changes (removing all Disney references), label references (removin Disney)- ex: "Now you have Teleport access to Melody's Melodyland!" + implementing new storyline
2017-08-22 04:28:44.370000 - brady: thatd be pretty sick
2017-08-22 04:28:36.780000 - brady: what if we also had that mini invasion boss thing
2017-08-22 04:28:15.532000 - brady: but
2017-08-22 04:28:03.308000 - brady: CIO
2017-08-22 04:27:52.245000 - brady: Forests End
2017-08-22 04:27:44.395000 - brady: ok so for our next biggest update (we got some ways to go) we release the following
2017-08-19 04:54:28.606000 - brady: update tecbot blazer pls
2017-08-19 04:54:18.942000 - brady: 
2017-08-19 04:54:18.772000 - brady: 
2017-08-19 04:54:18.302000 - brady: 
